{
  "RSpec": {
    "coverage": {
      "/Users/student/Projects/Makers/Week-4/bookmark-manager-2/spec/features/bookmark_spec.rb": [
        1,
        null,
        1,
        null,
        1,
        1,
        1,
        1,
        1,
        1,
        1,
        1,
        1,
        null,
        null
      ],
      "/Users/student/Projects/Makers/Week-4/bookmark-manager-2/spec/features/list_of_bookmarks_spec.rb": [
        1,
        1,
        1,
        1,
        null,
        null,
        null,
        1,
        1,
        1,
        1,
        1,
        1,
        null,
        1,
        null,
        1,
        1,
        1,
        null,
        null
      ]
    },
    "timestamp": 1556122196
  }
}
